app/build/outputs/mapping/release/mapping.txt
# compiler: R8
# compiler_version: 1.5.69
# min_api: 19
# pg_map_id: 03b9f08
com.mykholy.myuniversity.API.API_Interface -> d.g.a.a.a:
    retrofit2.Call Login(com.mykholy.myuniversity.model.Login) -> a
    retrofit2.Call Register(com.mykholy.myuniversity.model.Student) -> a
    retrofit2.Call getAllDepartments() -> a
    retrofit2.Call getAllLectures(java.lang.String,int) -> a
    retrofit2.Call getAllNotifications(java.lang.String,int,int) -> a
    retrofit2.Call getInfoStudent(java.lang.String,java.lang.String) -> a
    retrofit2.Call saveExam(java.lang.String,com.mykholy.myuniversity.model.Exam) -> a
    retrofit2.Call saveMyAnswer(java.lang.String,com.mykholy.myuniversity.model.Question) -> a
    retrofit2.Call updateStudent(java.lang.String,int,com.mykholy.myuniversity.model.Student) -> a
    retrofit2.Call getAllUnSolvedExam(java.lang.String,int,int) -> b
    retrofit2.Call updateTokenStudent(java.lang.String,int,com.mykholy.myuniversity.model.Student) -> b
    retrofit2.Call getAllSolvedExam(java.lang.String,int,int) -> c
    retrofit2.Call getAllCourses(java.lang.String,int,int) -> d
    retrofit2.Call getAllQuestionForExam(java.lang.String,int,int) -> e
com.mykholy.myuniversity.API.AppClient -> d.g.a.a.b:
    retrofit2.Retrofit retrofit -> a
    1:1:retrofit2.Platform retrofit2.Platform.get():0:0 -> a
    1:1:void retrofit2.Retrofit$Builder.<init>():0 -> a
    1:1:retrofit2.Retrofit getClient():0 -> a
    2:2:void retrofit2.Retrofit$Builder.<init>(retrofit2.Platform):0:0 -> a
    2:2:void retrofit2.Retrofit$Builder.<init>():0 -> a
    2:2:retrofit2.Retrofit getClient():0 -> a
    3:3:retrofit2.Retrofit$Builder retrofit2.Retrofit$Builder.baseUrl(java.lang.String):0:0 -> a
    3:3:retrofit2.Retrofit getClient():0 -> a
    4:4:retrofit2.Retrofit$Builder retrofit2.Retrofit$Builder.baseUrl(okhttp3.HttpUrl):0:0 -> a
    4:4:retrofit2.Retrofit$Builder retrofit2.Retrofit$Builder.baseUrl(java.lang.String):0 -> a
    4:4:retrofit2.Retrofit getClient():0 -> a
    5:5:java.util.List okhttp3.HttpUrl.pathSegments():0:0 -> a
    5:5:retrofit2.Retrofit$Builder retrofit2.Retrofit$Builder.baseUrl(okhttp3.HttpUrl):0 -> a
    5:5:retrofit2.Retrofit$Builder retrofit2.Retrofit$Builder.baseUrl(java.lang.String):0 -> a
    5:5:retrofit2.Retrofit getClient():0 -> a
    6:6:retrofit2.Retrofit$Builder retrofit2.Retrofit$Builder.baseUrl(okhttp3.HttpUrl):0:0 -> a
    6:6:retrofit2.Retrofit$Builder retrofit2.Retrofit$Builder.baseUrl(java.lang.String):0 -> a
    6:6:retrofit2.Retrofit getClient():0 -> a
    7:7:retrofit2.converter.gson.GsonConverterFactory retrofit2.converter.gson.GsonConverterFactory.create():0:0 -> a
com.mykholy.myuniversity.MyInterface.OnItemClickListener -> d.g.a.b.a:
com.mykholy.myuniversity.MyInterface.OnRecyclerViewCourse -> d.g.a.b.b:
com.mykholy.myuniversity.MyInterface.OnRecyclerViewExam -> d.g.a.b.c:
    void OnClickItemListener(com.mykholy.myuniversity.model.Exam,java.lang.String) -> a
com.mykholy.myuniversity.MyInterface.OnRecyclerViewLecture -> d.g.a.b.d:
com.mykholy.myuniversity.MyInterface.OnRecyclerViewNotification -> d.g.a.b.e:
com.mykholy.myuniversity.Service.MyFirebaseMessagingService -> com.mykholy.myuniversity.Service.MyFirebaseMessagingService:
    1:1:java.lang.String com.google.firebase.messaging.RemoteMessage$Notification.getTitle():0:0 -> a
    1:1:void onMessageReceived(com.google.firebase.messaging.RemoteMessage):0 -> a
    2:2:void onMessageReceived(com.google.firebase.messaging.RemoteMessage):0:0 -> a
    3:3:java.lang.String com.google.firebase.messaging.RemoteMessage$Notification.getBody():0:0 -> a
    3:3:void onMessageReceived(com.google.firebase.messaging.RemoteMessage):0 -> a
    4:4:void onMessageReceived(com.google.firebase.messaging.RemoteMessage):0:0 -> a
...
com.google.android.material.bottomappbar.BottomAppBar$4 -> d.e.a.b.q.a:
    com.google.android.material.bottomappbar.BottomAppBar this$0 -> a
com.google.android.material.bottomappbar.BottomAppBar$5 -> d.e.a.b.q.b:
    com.google.android.material.bottomappbar.BottomAppBar this$0 -> b
    int val$targetMode -> a
    void onHidden(com.google.android.material.floatingactionbutton.FloatingActionButton) -> a
com.google.android.material.bottomappbar.BottomAppBar$5$1 -> d.e.a.b.q.b$a:
    com.google.android.material.bottomappbar.BottomAppBar$5 this$1 -> a
    void onShown(com.google.android.material.floatingactionbutton.FloatingActionButton) -> b
com.google.android.material.bottomappbar.BottomAppBar$6 -> d.e.a.b.q.c:
    com.google.android.material.bottomappbar.BottomAppBar this$0 -> a
    1:1:android.animation.Animator com.google.android.material.bottomappbar.BottomAppBar.access$1702(com.google.android.material.bottomappbar.BottomAppBar,android.animation.Animator):0:0 -> onAnimationEnd
    1:1:void onAnimationEnd(android.animation.Animator):0 -> onAnimationEnd
com.google.android.material.bottomappbar.BottomAppBar$7 -> d.e.a.b.q.d:
    com.google.android.material.bottomappbar.BottomAppBar this$0 -> e
    androidx.appcompat.widget.ActionMenuView val$actionMenuView -> b
    boolean cancelled -> a
    int val$targetMode -> c
    boolean val$targetAttached -> d
com.google.android.material.bottomappbar.BottomAppBar$8 -> d.e.a.b.q.e:
    com.google.android.material.bottomappbar.BottomAppBar this$0 -> a
    1:1:com.google.android.material.floatingactionbutton.FloatingActionButton com.google.android.material.bottomappbar.BottomAppBar.access$1900(com.google.android.material.bottomappbar.BottomAppBar):0:0 -> onAnimationStart
    1:1:void onAnimationStart(android.animation.Animator):0 -> onAnimationStart
    2:2:void onAnimationStart(android.animation.Animator):0:0 -> onAnimationStart
com.google.android.material.bottomappbar.BottomAppBar$AnimationListener -> com.google.android.material.bottomappbar.BottomAppBar$a:
    void onAnimationEnd(com.google.android.material.bottomappbar.BottomAppBar) -> a
    void onAnimationStart(com.google.android.material.bottomappbar.BottomAppBar) -> b
com.google.android.material.bottomappbar.BottomAppBar$Behavior -> com.google.android.material.bottomappbar.BottomAppBar$Behavior:
    java.lang.ref.WeakReference viewRef -> f
    int originalBottomMargin -> g
    android.view.View$OnLayoutChangeListener fabLayoutListener -> h
    android.graphics.Rect fabContentRect -> e
    boolean onLayoutChild(androidx.coordinatorlayout.widget.CoordinatorLayout,android.view.View,int) -> a
    1:1:void com.google.android.material.bottomappbar.BottomAppBar.addFabAnimationListeners(com.google.android.material.floatingactionbutton.FloatingActionButton):0:0 -> a
    1:1:void com.google.android.material.bottomappbar.BottomAppBar.access$2900(com.google.android.material.bottomappbar.BottomAppBar,com.google.android.material.floatingactionbutton.FloatingActionButton):0 -> a
    1:1:boolean onLayoutChild(androidx.coordinatorlayout.widget.CoordinatorLayout,com.google.android.material.bottomappbar.BottomAppBar,int):0 -> a
    2:2:void com.google.android.material.bottomappbar.BottomAppBar.access$1200(com.google.android.material.bottomappbar.BottomAppBar):0:0 -> a
    2:2:boolean onLayoutChild(androidx.coordinatorlayout.widget.CoordinatorLayout,com.google.android.material.bottomappbar.BottomAppBar,int):0 -> a
    3:3:boolean onLayoutChild(androidx.coordinatorlayout.widget.CoordinatorLayout,com.google.android.material.bottomappbar.BottomAppBar,int):0:0 -> a